Traceback (most recent call last):
  File "/home/runner/work/giss-366/giss-366/.venv/lib/python3.12/site-packages/jupyter_cache/executors/utils.py", line 58, in single_nb_execution
    executenb(
  File "/home/runner/work/giss-366/giss-366/.venv/lib/python3.12/site-packages/nbclient/client.py", line 1314, in execute
    return NotebookClient(nb=nb, resources=resources, km=km, **kwargs).execute()
           ^^^^^^^^^^^^^^^^^^^^^^^^^^^^^^^^^^^^^^^^^^^^^^^^^^^^^^^^^^^^^^^^^^^^^
  File "/home/runner/work/giss-366/giss-366/.venv/lib/python3.12/site-packages/jupyter_core/utils/__init__.py", line 165, in wrapped
    return loop.run_until_complete(inner)
           ^^^^^^^^^^^^^^^^^^^^^^^^^^^^^^
  File "/home/runner/work/_temp/uv-python-dir/cpython-3.12.6-linux-x86_64-gnu/lib/python3.12/asyncio/base_events.py", line 687, in run_until_complete
    return future.result()
           ^^^^^^^^^^^^^^^
  File "/home/runner/work/giss-366/giss-366/.venv/lib/python3.12/site-packages/nbclient/client.py", line 709, in async_execute
    await self.async_execute_cell(
  File "/home/runner/work/giss-366/giss-366/.venv/lib/python3.12/site-packages/nbclient/client.py", line 1062, in async_execute_cell
    await self._check_raise_for_error(cell, cell_index, exec_reply)
  File "/home/runner/work/giss-366/giss-366/.venv/lib/python3.12/site-packages/nbclient/client.py", line 918, in _check_raise_for_error
    raise CellExecutionError.from_cell_and_msg(cell, exec_reply_content)
nbclient.exceptions.CellExecutionError: An error occurred while executing the following cell:
------------------
# OPTIONAL -- add a labeled marker and save a shareable HTML map
m.add_marker(location=silver_city, popup="Western New Mexico University -- GISS 361/363")
m.to_html("week1_first_map.html")
print("Saved week1_first_map.html -- open it in a browser to see your first exported map.")
------------------


[0;31m---------------------------------------------------------------------------[0m
[0;31mTraitError[0m                                Traceback (most recent call last)
Cell [0;32mIn[4], line 2[0m
[1;32m      1[0m [38;5;66;03m# OPTIONAL -- add a labeled marker and save a shareable HTML map[39;00m
[0;32m----> 2[0m [43mm[49m[38;5;241;43m.[39;49m[43madd_marker[49m[43m([49m[43mlocation[49m[38;5;241;43m=[39;49m[43msilver_city[49m[43m,[49m[43m [49m[43mpopup[49m[38;5;241;43m=[39;49m[38;5;124;43m"[39;49m[38;5;124;43mWestern New Mexico University -- GISS 361/363[39;49m[38;5;124;43m"[39;49m[43m)[49m
[1;32m      3[0m m[38;5;241m.[39mto_html([38;5;124m"[39m[38;5;124mweek1_first_map.html[39m[38;5;124m"[39m)
[1;32m      4[0m [38;5;28mprint[39m([38;5;124m"[39m[38;5;124mSaved week1_first_map.html -- open it in a browser to see your first exported map.[39m[38;5;124m"[39m)

File [0;32m~/work/giss-366/giss-366/.venv/lib/python3.12/site-packages/leafmap/leafmap.py:320[0m, in [0;36mMap.add_marker[0;34m(self, location, **kwargs)[0m
[1;32m    318[0m     location [38;5;241m=[39m [38;5;28mtuple[39m(location)
[1;32m    319[0m [38;5;28;01mif[39;00m [38;5;28misinstance[39m(location, [38;5;28mtuple[39m):
[0;32m--> 320[0m     marker [38;5;241m=[39m [43mipyleaflet[49m[38;5;241;43m.[39;49m[43mMarker[49m[43m([49m[43mlocation[49m[38;5;241;43m=[39;49m[43mlocation[49m[43m,[49m[43m [49m[38;5;241;43m*[39;49m[38;5;241;43m*[39;49m[43mkwargs[49m[43m)[49m
[1;32m    321[0m     [38;5;28mself[39m[38;5;241m.[39madd(marker)
[1;32m    322[0m [38;5;28;01melse[39;00m:

File [0;32m~/work/giss-366/giss-366/.venv/lib/python3.12/site-packages/ipyleaflet/leaflet.py:537[0m, in [0;36mMarker.__init__[0;34m(self, **kwargs)[0m
[1;32m    536[0m [38;5;28;01mdef[39;00m [38;5;21m__init__[39m([38;5;28mself[39m, [38;5;241m*[39m[38;5;241m*[39mkwargs):
[0;32m--> 537[0m     [38;5;28;43msuper[39;49m[43m([49m[43mMarker[49m[43m,[49m[43m [49m[38;5;28;43mself[39;49m[43m)[49m[38;5;241;43m.[39;49m[38;5;21;43m__init__[39;49m[43m([49m[38;5;241;43m*[39;49m[38;5;241;43m*[39;49m[43mkwargs[49m[43m)[49m
[1;32m    538[0m     [38;5;28mself[39m[38;5;241m.[39mon_msg([38;5;28mself[39m[38;5;241m.[39m_handle_leaflet_event)

File [0;32m~/work/giss-366/giss-366/.venv/lib/python3.12/site-packages/ipyleaflet/leaflet.py:211[0m, in [0;36mLayer.__init__[0;34m(self, **kwargs)[0m
[1;32m    210[0m [38;5;28;01mdef[39;00m [38;5;21m__init__[39m([38;5;28mself[39m, [38;5;241m*[39m[38;5;241m*[39mkwargs):
[0;32m--> 211[0m     [38;5;28;43msuper[39;49m[43m([49m[43mLayer[49m[43m,[49m[43m [49m[38;5;28;43mself[39;49m[43m)[49m[38;5;241;43m.[39;49m[38;5;21;43m__init__[39;49m[43m([49m[38;5;241;43m*[39;49m[38;5;241;43m*[39;49m[43mkwargs[49m[43m)[49m
[1;32m    212[0m     [38;5;28mself[39m[38;5;241m.[39mon_msg([38;5;28mself[39m[38;5;241m.[39m_handle_mouse_events)

File [0;32m~/work/giss-366/giss-366/.venv/lib/python3.12/site-packages/ipywidgets/widgets/widget.py:478[0m, in [0;36mWidget.__init__[0;34m(self, **kwargs)[0m
[1;32m    476[0m [38;5;250m[39m[38;5;124;03m"""Public constructor"""[39;00m
[1;32m    477[0m [38;5;28mself[39m[38;5;241m.[39m_model_id [38;5;241m=[39m kwargs[38;5;241m.[39mpop([38;5;124m'[39m[38;5;124mmodel_id[39m[38;5;124m'[39m, [38;5;28;01mNone[39;00m)
[0;32m--> 478[0m [38;5;28;43msuper[39;49m[43m([49m[43mWidget[49m[43m,[49m[43m [49m[38;5;28;43mself[39;49m[43m)[49m[38;5;241;43m.[39;49m[38;5;21;43m__init__[39;49m[43m([49m[38;5;241;43m*[39;49m[38;5;241;43m*[39;49m[43mkwargs[49m[43m)[49m
[1;32m    480[0m Widget[38;5;241m.[39m_call_widget_constructed([38;5;28mself[39m)
[1;32m    481[0m [38;5;28mself[39m[38;5;241m.[39mopen()

File [0;32m~/work/giss-366/giss-366/.venv/lib/python3.12/site-packages/traitlets/traitlets.py:1355[0m, in [0;36mHasTraits.__init__[0;34m(self, *args, **kwargs)[0m
[1;32m   1353[0m [38;5;28;01mfor[39;00m key, value [38;5;129;01min[39;00m kwargs[38;5;241m.[39mitems():
[1;32m   1354[0m     [38;5;28;01mif[39;00m [38;5;28mself[39m[38;5;241m.[39mhas_trait(key):
[0;32m-> 1355[0m         [38;5;28;43msetattr[39;49m[43m([49m[38;5;28;43mself[39;49m[43m,[49m[43m [49m[43mkey[49m[43m,[49m[43m [49m[43mvalue[49m[43m)[49m
[1;32m   1356[0m         changes[key] [38;5;241m=[39m Bunch(
[1;32m   1357[0m             name[38;5;241m=[39mkey,
[1;32m   1358[0m             old[38;5;241m=[39m[38;5;28;01mNone[39;00m,
[0;32m   (...)[0m
[1;32m   1361[0m             [38;5;28mtype[39m[38;5;241m=[39m[38;5;124m"[39m[38;5;124mchange[39m[38;5;124m"[39m,
[1;32m   1362[0m         )
[1;32m   1363[0m     [38;5;28;01melse[39;00m:
[1;32m   1364[0m         [38;5;66;03m# passthrough args that don't set traits to super[39;00m

File [0;32m~/work/giss-366/giss-366/.venv/lib/python3.12/site-packages/traitlets/traitlets.py:716[0m, in [0;36mTraitType.__set__[0;34m(self, obj, value)[0m
[1;32m    714[0m [38;5;28;01mif[39;00m [38;5;28mself[39m[38;5;241m.[39mread_only:
[1;32m    715[0m     [38;5;28;01mraise[39;00m TraitError([38;5;124m'[39m[38;5;124mThe [39m[38;5;124m"[39m[38;5;132;01m%s[39;00m[38;5;124m"[39m[38;5;124m trait is read-only.[39m[38;5;124m'[39m [38;5;241m%[39m [38;5;28mself[39m[38;5;241m.[39mname)
[0;32m--> 716[0m [38;5;28;43mself[39;49m[38;5;241;43m.[39;49m[43mset[49m[43m([49m[43mobj[49m[43m,[49m[43m [49m[43mvalue[49m[43m)[49m

File [0;32m~/work/giss-366/giss-366/.venv/lib/python3.12/site-packages/traitlets/traitlets.py:690[0m, in [0;36mTraitType.set[0;34m(self, obj, value)[0m
[1;32m    689[0m [38;5;28;01mdef[39;00m [38;5;21mset[39m([38;5;28mself[39m, obj: HasTraits, value: S) [38;5;241m-[39m[38;5;241m>[39m [38;5;28;01mNone[39;00m:
[0;32m--> 690[0m     new_value [38;5;241m=[39m [38;5;28;43mself[39;49m[38;5;241;43m.[39;49m[43m_validate[49m[43m([49m[43mobj[49m[43m,[49m[43m [49m[43mvalue[49m[43m)[49m
[1;32m    691[0m     [38;5;28;01massert[39;00m [38;5;28mself[39m[38;5;241m.[39mname [38;5;129;01mis[39;00m [38;5;129;01mnot[39;00m [38;5;28;01mNone[39;00m
[1;32m    692[0m     [38;5;28;01mtry[39;00m:

File [0;32m~/work/giss-366/giss-366/.venv/lib/python3.12/site-packages/traitlets/traitlets.py:722[0m, in [0;36mTraitType._validate[0;34m(self, obj, value)[0m
[1;32m    720[0m     [38;5;28;01mreturn[39;00m value
[1;32m    721[0m [38;5;28;01mif[39;00m [38;5;28mhasattr[39m([38;5;28mself[39m, [38;5;124m"[39m[38;5;124mvalidate[39m[38;5;124m"[39m):
[0;32m--> 722[0m     value [38;5;241m=[39m [38;5;28;43mself[39;49m[38;5;241;43m.[39;49m[43mvalidate[49m[43m([49m[43mobj[49m[43m,[49m[43m [49m[43mvalue[49m[43m)[49m
[1;32m    723[0m [38;5;28;01mif[39;00m obj[38;5;241m.[39m_cross_validation_lock [38;5;129;01mis[39;00m [38;5;28;01mFalse[39;00m:
[1;32m    724[0m     value [38;5;241m=[39m [38;5;28mself[39m[38;5;241m.[39m_cross_validate(obj, value)

File [0;32m~/work/giss-366/giss-366/.venv/lib/python3.12/site-packages/traitlets/traitlets.py:2311[0m, in [0;36mInstance.validate[0;34m(self, obj, value)[0m
[1;32m   2309[0m     [38;5;28;01mreturn[39;00m t[38;5;241m.[39mcast(T, value)
[1;32m   2310[0m [38;5;28;01melse[39;00m:
[0;32m-> 2311[0m     [38;5;28;43mself[39;49m[38;5;241;43m.[39;49m[43merror[49m[43m([49m[43mobj[49m[43m,[49m[43m [49m[43mvalue[49m[43m)[49m

File [0;32m~/work/giss-366/giss-366/.venv/lib/python3.12/site-packages/traitlets/traitlets.py:831[0m, in [0;36mTraitType.error[0;34m(self, obj, value, error, info)[0m
[1;32m    825[0m [38;5;28;01melse[39;00m:
[1;32m    826[0m     e [38;5;241m=[39m [38;5;124m"[39m[38;5;124mThe [39m[38;5;124m'[39m[38;5;132;01m{}[39;00m[38;5;124m'[39m[38;5;124m trait expected [39m[38;5;132;01m{}[39;00m[38;5;124m, not [39m[38;5;132;01m{}[39;00m[38;5;124m.[39m[38;5;124m"[39m[38;5;241m.[39mformat(
[1;32m    827[0m         [38;5;28mself[39m[38;5;241m.[39mname,
[1;32m    828[0m         info [38;5;129;01mor[39;00m [38;5;28mself[39m[38;5;241m.[39minfo(),
[1;32m    829[0m         describe([38;5;124m"[39m[38;5;124mthe[39m[38;5;124m"[39m, value),
[1;32m    830[0m     )
[0;32m--> 831[0m [38;5;28;01mraise[39;00m TraitError(e)

[0;31mTraitError[0m: The 'popup' trait of a Marker instance expected a Widget or None, not the str 'Western New Mexico University -- GISS 361/363'.

